2025-01-31 00:19:00,724 - INFO - Redirect to read_root road function
2025-01-31 00:19:03,251 - INFO - Redirect to waiting_comparation road function
2025-01-31 00:19:03,274 - INFO - Redirect to get_result road function
2025-01-31 00:19:04,781 - INFO - Redirect to read_root road function
2025-01-31 00:19:08,320 - INFO - Redirect to waiting_comparation road function
2025-01-31 00:19:08,330 - INFO - Redirect to get_result road function
2025-01-31 00:19:09,360 - INFO - Redirect to read_root road function
2025-01-31 00:19:12,961 - INFO - Redirect to waiting_comparation road function
2025-01-31 00:19:12,973 - INFO - Redirect to get_result road function
2025-01-31 00:19:14,210 - INFO - Redirect to read_root road function
2025-01-31 00:19:17,495 - INFO - Redirect to waiting_comparation road function
2025-01-31 00:19:17,507 - INFO - Redirect to get_result road function
2025-01-31 00:19:19,298 - INFO - Redirect to read_root road function
2025-01-31 00:19:31,312 - INFO - Redirect to upload_picture road function
2025-01-31 00:19:31,551 - INFO - The table <class 'utils.sqler.PhotoDatabase'> was updated
2025-01-31 00:19:31,556 - INFO - Redirect to read_root road function
2025-01-31 00:19:36,062 - INFO - Redirect to delete_image road function
2025-01-31 00:19:37,357 - INFO - Redirect to read_root road function
2025-01-31 00:24:02,149 - INFO - Redirect to waiting_comparation road function
2025-01-31 00:24:02,176 - INFO - Redirect to get_result road function
2025-01-31 00:24:03,424 - INFO - Redirect to read_root road function
2025-01-31 00:24:07,541 - INFO - Redirect to waiting_comparation road function
2025-01-31 00:24:07,551 - INFO - Redirect to get_result road function
2025-01-31 00:24:09,165 - INFO - Redirect to read_root road function
2025-01-31 00:24:15,176 - INFO - Redirect to waiting_comparation road function
2025-01-31 00:24:15,392 - INFO - The table <class 'utils.sqler.PhotoTmp'> was updated
2025-01-31 00:24:15,404 - INFO - Redirect to get_result road function
2025-01-31 00:24:16,629 - INFO - Redirect to read_root road function
2025-01-31 00:24:21,378 - INFO - Redirect to upload_picture road function
2025-01-31 00:24:21,407 - INFO - The table <class 'utils.sqler.PhotoDatabase'> was updated
2025-01-31 00:24:21,411 - INFO - Redirect to read_root road function
2025-01-31 00:24:28,456 - INFO - Redirect to waiting_comparation road function
2025-01-31 00:24:28,481 - INFO - The table <class 'utils.sqler.PhotoTmp'> was updated
2025-01-31 00:24:28,488 - INFO - Redirect to get_result road function
2025-01-31 00:24:30,098 - INFO - Redirect to read_root road function
2025-01-31 00:24:34,928 - INFO - Redirect to delete_image road function
2025-01-31 00:24:36,239 - INFO - Redirect to read_root road function
